Reading netlist file: "C:\Users\Alessandro\OneDrive\Desktop\Gowin\Gowin_FPGA_CV\CV_acceleration\impl\gwsynthesis\CV_acceleration.vg"
Parsing netlist file "C:\Users\Alessandro\OneDrive\Desktop\Gowin\Gowin_FPGA_CV\CV_acceleration\impl\gwsynthesis\CV_acceleration.vg" completed
Processing netlist completed
Reading constraint file: "C:\Users\Alessandro\OneDrive\Desktop\Gowin\Gowin_FPGA_CV\CV_acceleration\src\top.cst"
Physical Constraint parsed completed
Running placement......
[10%] Placement Phase 0 completed
[20%] Placement Phase 1 completed
[30%] Placement Phase 2 completed
[50%] Placement Phase 3 completed
Running routing......
[60%] Routing Phase 0 completed
[70%] Routing Phase 1 completed
[80%] Routing Phase 2 completed
[90%] Routing Phase 3 completed
Running timing analysis......
[95%] Timing analysis completed
Placement and routing completed
Bitstream generation in progress......
Bitstream generation completed
Running power analysis......
[100%] Power analysis completed
Generate file "C:\Users\Alessandro\OneDrive\Desktop\Gowin\Gowin_FPGA_CV\CV_acceleration\impl\pnr\CV_acceleration.power.html" completed
Generate file "C:\Users\Alessandro\OneDrive\Desktop\Gowin\Gowin_FPGA_CV\CV_acceleration\impl\pnr\CV_acceleration.pin.html" completed
Generate file "C:\Users\Alessandro\OneDrive\Desktop\Gowin\Gowin_FPGA_CV\CV_acceleration\impl\pnr\CV_acceleration.rpt.html" completed
Generate file "C:\Users\Alessandro\OneDrive\Desktop\Gowin\Gowin_FPGA_CV\CV_acceleration\impl\pnr\CV_acceleration.rpt.txt" completed
Generate file "C:\Users\Alessandro\OneDrive\Desktop\Gowin\Gowin_FPGA_CV\CV_acceleration\impl\pnr\CV_acceleration.tr.html" completed
Tue Oct 22 19:10:20 2024

