GowinSynthesis start
Running parser ...
Analyzing Verilog file 'C:\Users\Alessandro\OneDrive\Desktop\Gowin\Gowin_FPGA_CV\CV_acceleration\src\uart_tx.v'
Analyzing Verilog file 'C:\Users\Alessandro\OneDrive\Desktop\Gowin\Gowin_FPGA_CV\CV_acceleration\src\uart_test_top.v'
Compiling module 'top_alternative'("C:\Users\Alessandro\OneDrive\Desktop\Gowin\Gowin_FPGA_CV\CV_acceleration\src\uart_test_top.v":3)
Compiling module 'uart_tx(CLK_FRE=27)'("C:\Users\Alessandro\OneDrive\Desktop\Gowin\Gowin_FPGA_CV\CV_acceleration\src\uart_tx.v":1)
WARN  (EX3791) : Expression size 28 truncated to fit in target size 27("C:\Users\Alessandro\OneDrive\Desktop\Gowin\Gowin_FPGA_CV\CV_acceleration\src\uart_test_top.v":58)
NOTE  (EX0101) : Current top module is "top_alternative"
[5%] Running netlist conversion ...
Running device independent optimization ...
[10%] Optimizing Phase 0 completed
[15%] Optimizing Phase 1 completed
[25%] Optimizing Phase 2 completed
Running inference ...
[30%] Inferring Phase 0 completed
[40%] Inferring Phase 1 completed
[50%] Inferring Phase 2 completed
[55%] Inferring Phase 3 completed
Running technical mapping ...
[60%] Tech-Mapping Phase 0 completed
[65%] Tech-Mapping Phase 1 completed
[75%] Tech-Mapping Phase 2 completed
[80%] Tech-Mapping Phase 3 completed
[90%] Tech-Mapping Phase 4 completed
[95%] Generate netlist file "C:\Users\Alessandro\OneDrive\Desktop\Gowin\Gowin_FPGA_CV\CV_acceleration\impl\gwsynthesis\CV_acceleration.vg" completed
[100%] Generate report file "C:\Users\Alessandro\OneDrive\Desktop\Gowin\Gowin_FPGA_CV\CV_acceleration\impl\gwsynthesis\CV_acceleration_syn.rpt.html" completed
GowinSynthesis finish
